[2023-04-19 19:27:44,052] INFO autoreload Watching for file changes with StatReloader
[2023-04-19 19:27:55,756] WARNING log Not Found: /news/645656/
[2023-04-19 19:27:55,757] WARNING basehttp "GET /news/645656/ HTTP/1.1" 404 8055
[2023-04-19 19:28:03,531] INFO basehttp "GET /news/ HTTP/1.1" 200 29039
[2023-04-19 19:28:16,128] INFO basehttp "GET /news/search/ HTTP/1.1" 200 17537
[2023-04-19 19:28:20,025] INFO basehttp "GET /news/add/ HTTP/1.1" 200 10010
[2023-04-19 19:28:22,087] INFO basehttp "GET /news/ HTTP/1.1" 200 29039
[2023-04-19 19:28:26,658] INFO basehttp "GET /news/564564564 HTTP/1.1" 301 0
[2023-04-19 19:28:26,677] WARNING log Not Found: /news/564564564/
[2023-04-19 19:28:26,678] WARNING basehttp "GET /news/564564564/ HTTP/1.1" 404 8055
[2023-04-19 19:28:49,804] WARNING log Not Found: /news/564564564/
[2023-04-19 19:28:49,805] WARNING basehttp "GET /news/564564564/ HTTP/1.1" 404 8055
[2023-04-19 19:28:51,553] WARNING log Not Found: /news/564564564/
[2023-04-19 19:28:51,554] WARNING basehttp "GET /news/564564564/ HTTP/1.1" 404 8055
[2023-04-19 19:29:06,913] WARNING log Not Found: /news/564564564/
[2023-04-19 19:29:06,914] WARNING basehttp "GET /news/564564564/ HTTP/1.1" 404 8055
[2023-04-19 19:29:57,345] WARNING log Not Found: /news/564564564/
[2023-04-19 19:29:57,345] WARNING basehttp "GET /news/564564564/ HTTP/1.1" 404 8033
[2023-04-19 19:30:04,006] INFO basehttp "GET /news/ HTTP/1.1" 200 29039
[2023-04-19 19:30:31,929] INFO autoreload C:\Users\Plagueis\Desktop\SkillFactory\D2\D2\settings.py changed, reloading.
